2025-08-06 15:30:45,561 INFO    StreamThr :22756 [internal.py:wandb_internal():86] W&B internal server running at pid: 22756, started at: 2025-08-06 15:30:45.561290
2025-08-06 15:30:45,563 DEBUG   HandlerThread:22756 [handler.py:handle_request():146] handle_request: status
2025-08-06 15:30:45,564 INFO    WriterThread:22756 [datastore.py:open_for_write():85] open: /home/dennis-grisham/D501_Project_1_NYC_Airbnb/src/train_random_forest/wandb/run-20250806_153045-va7y34l5/run-va7y34l5.wandb
2025-08-06 15:30:45,564 DEBUG   SenderThread:22756 [sender.py:send():380] send: header
2025-08-06 15:30:45,567 DEBUG   SenderThread:22756 [sender.py:send():380] send: run
2025-08-06 15:30:50,569 DEBUG   HandlerThread:22756 [handler.py:handle_request():146] handle_request: keepalive
2025-08-06 15:30:53,155 INFO    SenderThread:22756 [dir_watcher.py:__init__():211] watching files in: /home/dennis-grisham/D501_Project_1_NYC_Airbnb/src/train_random_forest/wandb/run-20250806_153045-va7y34l5/files
2025-08-06 15:30:53,155 INFO    SenderThread:22756 [sender.py:_start_run_threads():1124] run started: va7y34l5 with start time 1754512245.561369
2025-08-06 15:30:53,155 DEBUG   HandlerThread:22756 [handler.py:handle_request():146] handle_request: status_report
2025-08-06 15:30:53,161 DEBUG   HandlerThread:22756 [handler.py:handle_request():146] handle_request: check_version
2025-08-06 15:30:53,162 DEBUG   SenderThread:22756 [sender.py:send_request():407] send_request: check_version
2025-08-06 15:30:53,286 DEBUG   HandlerThread:22756 [handler.py:handle_request():146] handle_request: run_start
2025-08-06 15:30:53,297 DEBUG   HandlerThread:22756 [system_info.py:__init__():32] System info init
2025-08-06 15:30:53,297 DEBUG   HandlerThread:22756 [system_info.py:__init__():47] System info init done
2025-08-06 15:30:53,297 INFO    HandlerThread:22756 [system_monitor.py:start():194] Starting system monitor
2025-08-06 15:30:53,297 INFO    SystemMonitor:22756 [system_monitor.py:_start():158] Starting system asset monitoring threads
2025-08-06 15:30:53,297 INFO    HandlerThread:22756 [system_monitor.py:probe():214] Collecting system info
2025-08-06 15:30:53,298 INFO    SystemMonitor:22756 [interfaces.py:start():190] Started cpu monitoring
2025-08-06 15:30:53,299 INFO    SystemMonitor:22756 [interfaces.py:start():190] Started disk monitoring
2025-08-06 15:30:53,299 INFO    SystemMonitor:22756 [interfaces.py:start():190] Started gpu monitoring
2025-08-06 15:30:53,299 INFO    SystemMonitor:22756 [interfaces.py:start():190] Started memory monitoring
2025-08-06 15:30:53,300 INFO    SystemMonitor:22756 [interfaces.py:start():190] Started network monitoring
2025-08-06 15:30:53,309 DEBUG   HandlerThread:22756 [system_info.py:probe():196] Probing system
2025-08-06 15:30:53,310 DEBUG   HandlerThread:22756 [system_info.py:_probe_git():181] Probing git
2025-08-06 15:30:53,313 DEBUG   HandlerThread:22756 [system_info.py:_probe_git():189] Probing git done
2025-08-06 15:30:53,313 DEBUG   HandlerThread:22756 [system_info.py:probe():244] Probing system done
2025-08-06 15:30:53,313 DEBUG   HandlerThread:22756 [system_monitor.py:probe():223] {'os': 'Linux-6.14.0-27-generic-x86_64-with-glibc2.39', 'python': '3.10.0', 'heartbeatAt': '2025-08-06T20:30:53.309615', 'startedAt': '2025-08-06T20:30:45.558437', 'docker': None, 'cuda': None, 'args': ('--trainval_artifact', 'clean_sample.csv:latest', '--val_size', '0.2', '--random_seed', '42', '--stratify_by', 'neighbourhood_group', '--rf_config', '/home/dennis-grisham/D501_Project_1_NYC_Airbnb/rf_config.json', '--max_tfidf_features', '5', '--output_artifact', 'random_forest_model'), 'state': 'running', 'program': '/home/dennis-grisham/D501_Project_1_NYC_Airbnb/src/train_random_forest/run.py', 'codePathLocal': 'run.py', 'codePath': 'src/train_random_forest/run.py', 'git': {'remote': 'https://github.com/DennisGrisham/NYC_airbnb_price_prediction.git', 'commit': '851ba1c92b0bc5d9091c41e26709759f5f7e4626'}, 'email': 'dgrish1@wgu.edu', 'root': '/home/dennis-grisham/D501_Project_1_NYC_Airbnb', 'host': 'dennis-grisham-GE75-Raider-10SE', 'username': 'dennis-grisham', 'executable': '/home/dennis-grisham/miniconda3/envs/mlflow-d20df18b17b0c54747eba2677649d2bbc0879a75/bin/python', 'cpu_count': 6, 'cpu_count_logical': 12, 'cpu_freq': {'current': 3653.5921666666673, 'min': 800.0, 'max': 5000.0}, 'cpu_freq_per_core': [{'current': 4397.88, 'min': 800.0, 'max': 5000.0}, {'current': 4299.987, 'min': 800.0, 'max': 5000.0}, {'current': 4299.992, 'min': 800.0, 'max': 5000.0}, {'current': 4300.001, 'min': 800.0, 'max': 5000.0}, {'current': 4291.578, 'min': 800.0, 'max': 5000.0}, {'current': 4300.183, 'min': 800.0, 'max': 5000.0}, {'current': 4299.992, 'min': 800.0, 'max': 5000.0}, {'current': 800.0, 'min': 800.0, 'max': 5000.0}, {'current': 800.0, 'min': 800.0, 'max': 5000.0}, {'current': 4507.787, 'min': 800.0, 'max': 5000.0}, {'current': 2075.967, 'min': 800.0, 'max': 5000.0}, {'current': 4545.159, 'min': 800.0, 'max': 5000.0}], 'disk': {'/': {'total': 91.11075210571289, 'used': 40.39895248413086}}, 'gpu': 'NVIDIA GeForce RTX 2060', 'gpu_count': 1, 'gpu_devices': [{'name': 'NVIDIA GeForce RTX 2060', 'memory_total': 6442450944}], 'memory': {'total': 31.09908676147461}}
2025-08-06 15:30:53,313 INFO    HandlerThread:22756 [system_monitor.py:probe():224] Finished collecting system info
2025-08-06 15:30:53,313 INFO    HandlerThread:22756 [system_monitor.py:probe():227] Publishing system info
2025-08-06 15:30:53,313 DEBUG   HandlerThread:22756 [system_info.py:_save_pip():52] Saving list of pip packages installed into the current environment
2025-08-06 15:30:53,313 DEBUG   HandlerThread:22756 [system_info.py:_save_pip():68] Saving pip packages done
2025-08-06 15:30:53,313 DEBUG   HandlerThread:22756 [system_info.py:_save_conda():75] Saving list of conda packages installed into the current environment
2025-08-06 15:30:54,156 INFO    Thread-12 :22756 [dir_watcher.py:_on_file_created():271] file/dir created: /home/dennis-grisham/D501_Project_1_NYC_Airbnb/src/train_random_forest/wandb/run-20250806_153045-va7y34l5/files/conda-environment.yaml
2025-08-06 15:30:54,156 INFO    Thread-12 :22756 [dir_watcher.py:_on_file_created():271] file/dir created: /home/dennis-grisham/D501_Project_1_NYC_Airbnb/src/train_random_forest/wandb/run-20250806_153045-va7y34l5/files/requirements.txt
2025-08-06 15:30:54,342 DEBUG   HandlerThread:22756 [system_info.py:_save_conda():87] Saving conda packages done
2025-08-06 15:30:54,342 INFO    HandlerThread:22756 [system_monitor.py:probe():229] Finished publishing system info
2025-08-06 15:30:54,343 DEBUG   SenderThread:22756 [sender.py:send():380] send: files
2025-08-06 15:30:54,344 INFO    SenderThread:22756 [sender.py:_save_file():1380] saving file wandb-metadata.json with policy now
2025-08-06 15:30:54,347 DEBUG   HandlerThread:22756 [handler.py:handle_request():146] handle_request: stop_status
2025-08-06 15:30:54,347 DEBUG   SenderThread:22756 [sender.py:send_request():407] send_request: stop_status
2025-08-06 15:30:54,348 DEBUG   HandlerThread:22756 [handler.py:handle_request():146] handle_request: internal_messages
2025-08-06 15:30:55,156 INFO    Thread-12 :22756 [dir_watcher.py:_on_file_modified():288] file/dir modified: /home/dennis-grisham/D501_Project_1_NYC_Airbnb/src/train_random_forest/wandb/run-20250806_153045-va7y34l5/files/conda-environment.yaml
2025-08-06 15:30:55,157 INFO    Thread-12 :22756 [dir_watcher.py:_on_file_created():271] file/dir created: /home/dennis-grisham/D501_Project_1_NYC_Airbnb/src/train_random_forest/wandb/run-20250806_153045-va7y34l5/files/wandb-metadata.json
2025-08-06 15:30:56,836 INFO    wandb-upload_0:22756 [upload_job.py:push():131] Uploaded file /tmp/tmpamqe03xxwandb/jj17ea1d-wandb-metadata.json
2025-08-06 15:30:59,348 DEBUG   HandlerThread:22756 [handler.py:handle_request():146] handle_request: keepalive
2025-08-06 15:31:04,350 DEBUG   HandlerThread:22756 [handler.py:handle_request():146] handle_request: keepalive
2025-08-06 15:31:09,140 DEBUG   HandlerThread:22756 [handler.py:handle_request():146] handle_request: log_artifact
2025-08-06 15:31:09,348 DEBUG   HandlerThread:22756 [handler.py:handle_request():146] handle_request: internal_messages
2025-08-06 15:31:10,805 DEBUG   HandlerThread:22756 [handler.py:handle_request():146] handle_request: partial_history
2025-08-06 15:31:11,165 INFO    Thread-12 :22756 [dir_watcher.py:_on_file_created():271] file/dir created: /home/dennis-grisham/D501_Project_1_NYC_Airbnb/src/train_random_forest/wandb/run-20250806_153045-va7y34l5/files/media/images/feature_importance_0_b2a59c1abc6ed3f66b7f.png
2025-08-06 15:31:11,165 INFO    Thread-12 :22756 [dir_watcher.py:_on_file_created():271] file/dir created: /home/dennis-grisham/D501_Project_1_NYC_Airbnb/src/train_random_forest/wandb/run-20250806_153045-va7y34l5/files/media
2025-08-06 15:31:11,165 INFO    Thread-12 :22756 [dir_watcher.py:_on_file_created():271] file/dir created: /home/dennis-grisham/D501_Project_1_NYC_Airbnb/src/train_random_forest/wandb/run-20250806_153045-va7y34l5/files/media/images
2025-08-06 15:31:11,810 DEBUG   HandlerThread:22756 [handler.py:handle_request():146] handle_request: poll_exit
2025-08-06 15:31:16,189 INFO    wandb-upload_0:22756 [upload_job.py:push():131] Uploaded file /tmp/tmpamqe03xxwandb/3lg4ew0n-media/images/feature_importance_0_b2a59c1abc6ed3f66b7f.png
2025-08-06 15:31:16,813 DEBUG   HandlerThread:22756 [handler.py:handle_request():146] handle_request: keepalive
2025-08-06 15:31:21,815 DEBUG   HandlerThread:22756 [handler.py:handle_request():146] handle_request: keepalive
2025-08-06 15:31:26,818 DEBUG   HandlerThread:22756 [handler.py:handle_request():146] handle_request: keepalive
2025-08-06 15:31:31,821 DEBUG   HandlerThread:22756 [handler.py:handle_request():146] handle_request: keepalive
2025-08-06 15:31:34,008 ERROR   SenderThread:22756 [internal_api.py:execute():370] 500 response executing GraphQL.
2025-08-06 15:31:34,008 ERROR   SenderThread:22756 [internal_api.py:execute():371] {"errors":[{"message":"context deadline exceeded","path":["project","run"]}],"data":{"project":{"run":null}}}
2025-08-06 15:31:36,824 DEBUG   HandlerThread:22756 [handler.py:handle_request():146] handle_request: keepalive
2025-08-06 15:31:41,826 DEBUG   HandlerThread:22756 [handler.py:handle_request():146] handle_request: keepalive
2025-08-06 15:31:46,829 DEBUG   HandlerThread:22756 [handler.py:handle_request():146] handle_request: keepalive
2025-08-06 15:31:51,832 DEBUG   HandlerThread:22756 [handler.py:handle_request():146] handle_request: keepalive
2025-08-06 15:31:53,300 DEBUG   SystemMonitor:22756 [system_monitor.py:_start():172] Starting system metrics aggregation loop
2025-08-06 15:31:56,295 INFO    SenderThread:22756 [retry.py:__call__():172] Retry attempt failed:
Traceback (most recent call last):
  File "/home/dennis-grisham/miniconda3/envs/mlflow-d20df18b17b0c54747eba2677649d2bbc0879a75/lib/python3.10/site-packages/urllib3/connectionpool.py", line 534, in _make_request
    response = conn.getresponse()
  File "/home/dennis-grisham/miniconda3/envs/mlflow-d20df18b17b0c54747eba2677649d2bbc0879a75/lib/python3.10/site-packages/urllib3/connection.py", line 565, in getresponse
    httplib_response = super().getresponse()
  File "/home/dennis-grisham/miniconda3/envs/mlflow-d20df18b17b0c54747eba2677649d2bbc0879a75/lib/python3.10/http/client.py", line 1368, in getresponse
    response.begin()
  File "/home/dennis-grisham/miniconda3/envs/mlflow-d20df18b17b0c54747eba2677649d2bbc0879a75/lib/python3.10/http/client.py", line 317, in begin
    version, status, reason = self._read_status()
  File "/home/dennis-grisham/miniconda3/envs/mlflow-d20df18b17b0c54747eba2677649d2bbc0879a75/lib/python3.10/http/client.py", line 278, in _read_status
    line = str(self.fp.readline(_MAXLINE + 1), "iso-8859-1")
  File "/home/dennis-grisham/miniconda3/envs/mlflow-d20df18b17b0c54747eba2677649d2bbc0879a75/lib/python3.10/socket.py", line 705, in readinto
    return self._sock.recv_into(b)
  File "/home/dennis-grisham/miniconda3/envs/mlflow-d20df18b17b0c54747eba2677649d2bbc0879a75/lib/python3.10/ssl.py", line 1273, in recv_into
    return self.read(nbytes, buffer)
  File "/home/dennis-grisham/miniconda3/envs/mlflow-d20df18b17b0c54747eba2677649d2bbc0879a75/lib/python3.10/ssl.py", line 1129, in read
    return self._sslobj.read(len, buffer)
TimeoutError: The read operation timed out

The above exception was the direct cause of the following exception:

Traceback (most recent call last):
  File "/home/dennis-grisham/miniconda3/envs/mlflow-d20df18b17b0c54747eba2677649d2bbc0879a75/lib/python3.10/site-packages/requests/adapters.py", line 667, in send
    resp = conn.urlopen(
  File "/home/dennis-grisham/miniconda3/envs/mlflow-d20df18b17b0c54747eba2677649d2bbc0879a75/lib/python3.10/site-packages/urllib3/connectionpool.py", line 841, in urlopen
    retries = retries.increment(
  File "/home/dennis-grisham/miniconda3/envs/mlflow-d20df18b17b0c54747eba2677649d2bbc0879a75/lib/python3.10/site-packages/urllib3/util/retry.py", line 474, in increment
    raise reraise(type(error), error, _stacktrace)
  File "/home/dennis-grisham/miniconda3/envs/mlflow-d20df18b17b0c54747eba2677649d2bbc0879a75/lib/python3.10/site-packages/urllib3/util/util.py", line 39, in reraise
    raise value
  File "/home/dennis-grisham/miniconda3/envs/mlflow-d20df18b17b0c54747eba2677649d2bbc0879a75/lib/python3.10/site-packages/urllib3/connectionpool.py", line 787, in urlopen
    response = self._make_request(
  File "/home/dennis-grisham/miniconda3/envs/mlflow-d20df18b17b0c54747eba2677649d2bbc0879a75/lib/python3.10/site-packages/urllib3/connectionpool.py", line 536, in _make_request
    self._raise_timeout(err=e, url=url, timeout_value=read_timeout)
  File "/home/dennis-grisham/miniconda3/envs/mlflow-d20df18b17b0c54747eba2677649d2bbc0879a75/lib/python3.10/site-packages/urllib3/connectionpool.py", line 367, in _raise_timeout
    raise ReadTimeoutError(
urllib3.exceptions.ReadTimeoutError: HTTPSConnectionPool(host='api.wandb.ai', port=443): Read timed out. (read timeout=20)

During handling of the above exception, another exception occurred:

Traceback (most recent call last):
  File "/home/dennis-grisham/miniconda3/envs/mlflow-d20df18b17b0c54747eba2677649d2bbc0879a75/lib/python3.10/site-packages/wandb/sdk/lib/retry.py", line 131, in __call__
    result = self._call_fn(*args, **kwargs)
  File "/home/dennis-grisham/miniconda3/envs/mlflow-d20df18b17b0c54747eba2677649d2bbc0879a75/lib/python3.10/site-packages/wandb/sdk/internal/internal_api.py", line 366, in execute
    return self.client.execute(*args, **kwargs)  # type: ignore
  File "/home/dennis-grisham/miniconda3/envs/mlflow-d20df18b17b0c54747eba2677649d2bbc0879a75/lib/python3.10/site-packages/wandb/vendor/gql-0.2.0/wandb_gql/client.py", line 52, in execute
    result = self._get_result(document, *args, **kwargs)
  File "/home/dennis-grisham/miniconda3/envs/mlflow-d20df18b17b0c54747eba2677649d2bbc0879a75/lib/python3.10/site-packages/wandb/vendor/gql-0.2.0/wandb_gql/client.py", line 60, in _get_result
    return self.transport.execute(document, *args, **kwargs)
  File "/home/dennis-grisham/miniconda3/envs/mlflow-d20df18b17b0c54747eba2677649d2bbc0879a75/lib/python3.10/site-packages/wandb/sdk/lib/gql_request.py", line 58, in execute
    request = self.session.post(self.url, **post_args)
  File "/home/dennis-grisham/miniconda3/envs/mlflow-d20df18b17b0c54747eba2677649d2bbc0879a75/lib/python3.10/site-packages/requests/sessions.py", line 637, in post
    return self.request("POST", url, data=data, json=json, **kwargs)
  File "/home/dennis-grisham/miniconda3/envs/mlflow-d20df18b17b0c54747eba2677649d2bbc0879a75/lib/python3.10/site-packages/requests/sessions.py", line 589, in request
    resp = self.send(prep, **send_kwargs)
  File "/home/dennis-grisham/miniconda3/envs/mlflow-d20df18b17b0c54747eba2677649d2bbc0879a75/lib/python3.10/site-packages/requests/sessions.py", line 703, in send
    r = adapter.send(request, **kwargs)
  File "/home/dennis-grisham/miniconda3/envs/mlflow-d20df18b17b0c54747eba2677649d2bbc0879a75/lib/python3.10/site-packages/requests/adapters.py", line 713, in send
    raise ReadTimeout(e, request=request)
requests.exceptions.ReadTimeout: HTTPSConnectionPool(host='api.wandb.ai', port=443): Read timed out. (read timeout=20)
2025-08-06 15:31:56,835 DEBUG   HandlerThread:22756 [handler.py:handle_request():146] handle_request: keepalive
2025-08-06 15:32:01,837 DEBUG   HandlerThread:22756 [handler.py:handle_request():146] handle_request: keepalive
2025-08-06 15:32:06,840 DEBUG   HandlerThread:22756 [handler.py:handle_request():146] handle_request: keepalive
2025-08-06 15:32:11,843 DEBUG   HandlerThread:22756 [handler.py:handle_request():146] handle_request: keepalive
2025-08-06 15:32:16,846 DEBUG   HandlerThread:22756 [handler.py:handle_request():146] handle_request: keepalive
2025-08-06 15:32:21,849 DEBUG   HandlerThread:22756 [handler.py:handle_request():146] handle_request: keepalive
2025-08-06 15:32:26,851 DEBUG   HandlerThread:22756 [handler.py:handle_request():146] handle_request: keepalive
2025-08-06 15:32:31,854 DEBUG   HandlerThread:22756 [handler.py:handle_request():146] handle_request: keepalive
2025-08-06 15:32:36,856 DEBUG   HandlerThread:22756 [handler.py:handle_request():146] handle_request: keepalive
2025-08-06 15:32:41,858 DEBUG   HandlerThread:22756 [handler.py:handle_request():146] handle_request: keepalive
2025-08-06 15:32:46,860 DEBUG   HandlerThread:22756 [handler.py:handle_request():146] handle_request: keepalive
2025-08-06 15:32:51,862 DEBUG   HandlerThread:22756 [handler.py:handle_request():146] handle_request: keepalive
2025-08-06 15:32:56,865 DEBUG   HandlerThread:22756 [handler.py:handle_request():146] handle_request: keepalive
2025-08-06 15:33:01,868 DEBUG   HandlerThread:22756 [handler.py:handle_request():146] handle_request: keepalive
2025-08-06 15:33:06,871 DEBUG   HandlerThread:22756 [handler.py:handle_request():146] handle_request: keepalive
2025-08-06 15:33:09,383 INFO    memory    :22756 [interfaces.py:monitor():140] Process proc.memory.rssMB has exited.
2025-08-06 15:33:09,384 DEBUG   SystemMonitor:22756 [system_monitor.py:_start():179] Finished system metrics aggregation loop
2025-08-06 15:33:09,384 DEBUG   SystemMonitor:22756 [system_monitor.py:_start():183] Publishing last batch of metrics
2025-08-06 15:33:10,728 WARNING StreamThr :22756 [internal.py:is_dead():414] Internal process exiting, parent pid 22734 disappeared
2025-08-06 15:33:10,728 ERROR   StreamThr :22756 [internal.py:wandb_internal():152] Internal process shutdown.
2025-08-06 15:33:11,386 INFO    HandlerThread:22756 [handler.py:finish():866] shutting down handler
2025-08-06 15:33:11,387 INFO    HandlerThread:22756 [system_monitor.py:finish():203] Stopping system monitor
2025-08-06 15:33:11,387 INFO    HandlerThread:22756 [interfaces.py:finish():202] Joined cpu monitor
2025-08-06 15:33:11,387 INFO    HandlerThread:22756 [interfaces.py:finish():202] Joined disk monitor
2025-08-06 15:33:11,388 INFO    HandlerThread:22756 [interfaces.py:finish():202] Joined gpu monitor
2025-08-06 15:33:11,388 INFO    HandlerThread:22756 [interfaces.py:finish():202] Joined memory monitor
2025-08-06 15:33:11,388 INFO    HandlerThread:22756 [interfaces.py:finish():202] Joined network monitor
2025-08-06 15:33:11,389 INFO    WriterThread:22756 [datastore.py:close():294] close: /home/dennis-grisham/D501_Project_1_NYC_Airbnb/src/train_random_forest/wandb/run-20250806_153045-va7y34l5/run-va7y34l5.wandb
2025-08-06 15:33:28,601 ERROR   SenderThread:22756 [internal_api.py:execute():370] 500 response executing GraphQL.
2025-08-06 15:33:28,601 ERROR   SenderThread:22756 [internal_api.py:execute():371] {"errors":[{"message":"context deadline exceeded","path":["project","run"]}],"data":{"project":{"run":null}}}
2025-08-06 15:35:53,388 INFO    SenderThread:22756 [sender.py:finish():1536] shutting down sender
2025-08-06 15:35:53,389 INFO    SenderThread:22756 [dir_watcher.py:finish():358] shutting down directory watcher
2025-08-06 15:35:54,240 INFO    SenderThread:22756 [dir_watcher.py:finish():388] scan: /home/dennis-grisham/D501_Project_1_NYC_Airbnb/src/train_random_forest/wandb/run-20250806_153045-va7y34l5/files
2025-08-06 15:35:54,241 INFO    SenderThread:22756 [dir_watcher.py:finish():402] scan save: /home/dennis-grisham/D501_Project_1_NYC_Airbnb/src/train_random_forest/wandb/run-20250806_153045-va7y34l5/files/requirements.txt requirements.txt
2025-08-06 15:35:54,241 INFO    SenderThread:22756 [dir_watcher.py:finish():402] scan save: /home/dennis-grisham/D501_Project_1_NYC_Airbnb/src/train_random_forest/wandb/run-20250806_153045-va7y34l5/files/wandb-metadata.json wandb-metadata.json
2025-08-06 15:35:54,241 INFO    SenderThread:22756 [dir_watcher.py:finish():402] scan save: /home/dennis-grisham/D501_Project_1_NYC_Airbnb/src/train_random_forest/wandb/run-20250806_153045-va7y34l5/files/conda-environment.yaml conda-environment.yaml
2025-08-06 15:35:54,241 INFO    SenderThread:22756 [dir_watcher.py:finish():402] scan save: /home/dennis-grisham/D501_Project_1_NYC_Airbnb/src/train_random_forest/wandb/run-20250806_153045-va7y34l5/files/config.yaml config.yaml
2025-08-06 15:35:54,246 INFO    SenderThread:22756 [dir_watcher.py:finish():402] scan save: /home/dennis-grisham/D501_Project_1_NYC_Airbnb/src/train_random_forest/wandb/run-20250806_153045-va7y34l5/files/media/images/feature_importance_0_b2a59c1abc6ed3f66b7f.png media/images/feature_importance_0_b2a59c1abc6ed3f66b7f.png
2025-08-06 15:35:54,246 INFO    SenderThread:22756 [file_pusher.py:finish():175] shutting down file pusher
2025-08-06 15:35:54,246 INFO    SenderThread:22756 [file_pusher.py:join():181] waiting for file pusher
2025-08-06 15:35:54,523 INFO    wandb-upload_0:22756 [upload_job.py:push():131] Uploaded file /home/dennis-grisham/D501_Project_1_NYC_Airbnb/src/train_random_forest/wandb/run-20250806_153045-va7y34l5/files/conda-environment.yaml
2025-08-06 15:35:56,568 INFO    wandb-upload_1:22756 [upload_job.py:push():131] Uploaded file /home/dennis-grisham/D501_Project_1_NYC_Airbnb/src/train_random_forest/wandb/run-20250806_153045-va7y34l5/files/requirements.txt
2025-08-06 15:35:56,974 INFO    wandb-upload_2:22756 [upload_job.py:push():131] Uploaded file /home/dennis-grisham/D501_Project_1_NYC_Airbnb/src/train_random_forest/wandb/run-20250806_153045-va7y34l5/files/config.yaml
2025-08-06 15:35:57,250 INFO    SenderThread:22756 [file_stream.py:finish():595] file stream finish called
2025-08-06 15:36:02,197 INFO    SenderThread:22756 [file_stream.py:finish():599] file stream finish is done
